<?xml version="1.0" encoding="UTF-8"?>
<testng-results ignored="0" total="1" passed="1" failed="0" skipped="0">
  <reporter-output>
  </reporter-output>
  <suite started-at="2022-02-15T15:26:03 IST" name="Default suite" finished-at="2022-02-15T15:26:03 IST" duration-ms="50">
    <groups>
    </groups>
    <test started-at="2022-02-15T15:26:03 IST" name="Default test" finished-at="2022-02-15T15:26:03 IST" duration-ms="50">
      <class name="Utils.AppUtils">
        <test-method is-config="true" signature="beforeMethod()[pri:0, instance:Utils.AppUtils@3d51f06e]" started-at="2022-02-15T15:26:03 IST" name="beforeMethod" finished-at="2022-02-15T15:26:03 IST" duration-ms="4" status="PASS">
          <reporter-output>
          </reporter-output>
        </test-method> <!-- beforeMethod -->
        <test-method signature="f()[pri:0, instance:Utils.AppUtils@3d51f06e]" started-at="2022-02-15T15:26:03 IST" name="f" finished-at="2022-02-15T15:26:03 IST" duration-ms="4" status="PASS">
          <reporter-output>
          </reporter-output>
        </test-method> <!-- f -->
        <test-method is-config="true" signature="afterMethod()[pri:0, instance:Utils.AppUtils@3d51f06e]" started-at="2022-02-15T15:26:03 IST" name="afterMethod" finished-at="2022-02-15T15:26:03 IST" duration-ms="1" status="PASS">
          <reporter-output>
          </reporter-output>
        </test-method> <!-- afterMethod -->
      </class> <!-- Utils.AppUtils -->
    </test> <!-- Default test -->
  </suite> <!-- Default suite -->
</testng-results>
