<?xml version="1.0" encoding="UTF-8"?>
<testng-results ignored="0" total="2" passed="2" failed="0" skipped="0">
  <reporter-output>
  </reporter-output>
  <suite started-at="2022-02-15T13:42:43 IST" name="Default suite" finished-at="2022-02-15T13:42:54 IST" duration-ms="11771">
    <groups>
    </groups>
    <test started-at="2022-02-15T13:42:43 IST" name="Default test" finished-at="2022-02-15T13:42:54 IST" duration-ms="11771">
      <class name="Utils.AppUtils">
        <test-method is-config="true" signature="lauchApp()[pri:0, instance:Utils.AppUtils@5e0826e7]" started-at="2022-02-15T13:42:43 IST" name="lauchApp" finished-at="2022-02-15T13:42:46 IST" duration-ms="3648" status="PASS">
          <reporter-output>
          </reporter-output>
        </test-method> <!-- lauchApp -->
        <test-method is-config="true" signature="verifyMethod()[pri:0, instance:Utils.AppUtils@5e0826e7]" started-at="2022-02-15T13:42:46 IST" name="verifyMethod" finished-at="2022-02-15T13:42:46 IST" duration-ms="8" status="PASS">
          <reporter-output>
          </reporter-output>
        </test-method> <!-- verifyMethod -->
        <test-method signature="register()[pri:0, instance:Utils.AppUtils@5e0826e7]" started-at="2022-02-15T13:42:46 IST" name="register" finished-at="2022-02-15T13:42:48 IST" duration-ms="2108" status="PASS">
          <reporter-output>
          </reporter-output>
        </test-method> <!-- register -->
        <test-method is-config="true" signature="goBackToHomepage()[pri:0, instance:Utils.AppUtils@5e0826e7]" started-at="2022-02-15T13:42:48 IST" name="goBackToHomepage" finished-at="2022-02-15T13:42:49 IST" duration-ms="249" status="PASS">
          <reporter-output>
          </reporter-output>
        </test-method> <!-- goBackToHomepage -->
        <test-method is-config="true" signature="verifyMethod()[pri:0, instance:Utils.AppUtils@5e0826e7]" started-at="2022-02-15T13:42:49 IST" name="verifyMethod" finished-at="2022-02-15T13:42:49 IST" duration-ms="6" status="PASS">
          <reporter-output>
          </reporter-output>
        </test-method> <!-- verifyMethod -->
        <test-method signature="support()[pri:1, instance:Utils.AppUtils@5e0826e7]" started-at="2022-02-15T13:42:49 IST" name="support" finished-at="2022-02-15T13:42:50 IST" duration-ms="1329" status="PASS">
          <reporter-output>
          </reporter-output>
        </test-method> <!-- support -->
        <test-method is-config="true" signature="goBackToHomepage()[pri:0, instance:Utils.AppUtils@5e0826e7]" started-at="2022-02-15T13:42:50 IST" name="goBackToHomepage" finished-at="2022-02-15T13:42:50 IST" duration-ms="171" status="PASS">
          <reporter-output>
          </reporter-output>
        </test-method> <!-- goBackToHomepage -->
        <test-method is-config="true" signature="closeApp()[pri:0, instance:Utils.AppUtils@5e0826e7]" started-at="2022-02-15T13:42:50 IST" name="closeApp" finished-at="2022-02-15T13:42:54 IST" duration-ms="4215" status="PASS">
          <reporter-output>
          </reporter-output>
        </test-method> <!-- closeApp -->
      </class> <!-- Utils.AppUtils -->
    </test> <!-- Default test -->
  </suite> <!-- Default suite -->
</testng-results>
