<?xml version="1.0" encoding="UTF-8"?>
<testng-results ignored="0" total="2" passed="2" failed="0" skipped="0">
  <reporter-output>
  </reporter-output>
  <suite started-at="2022-02-14T23:33:28 IST" name="Default suite" finished-at="2022-02-14T23:33:41 IST" duration-ms="12266">
    <groups>
    </groups>
    <test started-at="2022-02-14T23:33:28 IST" name="Default test" finished-at="2022-02-14T23:33:41 IST" duration-ms="12266">
      <class name="Utils.AppUtils">
        <test-method is-config="true" signature="lauchApp()[pri:0, instance:Utils.AppUtils@5e0826e7]" started-at="2022-02-14T23:33:28 IST" name="lauchApp" finished-at="2022-02-14T23:33:32 IST" duration-ms="3443" status="PASS">
          <reporter-output>
          </reporter-output>
        </test-method> <!-- lauchApp -->
        <test-method is-config="true" signature="verifyMethod()[pri:0, instance:Utils.AppUtils@5e0826e7]" started-at="2022-02-14T23:33:32 IST" name="verifyMethod" finished-at="2022-02-14T23:33:32 IST" duration-ms="8" status="PASS">
          <reporter-output>
          </reporter-output>
        </test-method> <!-- verifyMethod -->
        <test-method signature="register()[pri:0, instance:Utils.AppUtils@5e0826e7]" started-at="2022-02-14T23:33:32 IST" name="register" finished-at="2022-02-14T23:33:34 IST" duration-ms="2265" status="PASS">
          <reporter-output>
          </reporter-output>
        </test-method> <!-- register -->
        <test-method is-config="true" signature="goBackToHomepage()[pri:0, instance:Utils.AppUtils@5e0826e7]" started-at="2022-02-14T23:33:34 IST" name="goBackToHomepage" finished-at="2022-02-14T23:33:34 IST" duration-ms="351" status="PASS">
          <reporter-output>
          </reporter-output>
        </test-method> <!-- goBackToHomepage -->
        <test-method is-config="true" signature="verifyMethod()[pri:0, instance:Utils.AppUtils@5e0826e7]" started-at="2022-02-14T23:33:34 IST" name="verifyMethod" finished-at="2022-02-14T23:33:34 IST" duration-ms="5" status="PASS">
          <reporter-output>
          </reporter-output>
        </test-method> <!-- verifyMethod -->
        <test-method signature="support()[pri:1, instance:Utils.AppUtils@5e0826e7]" started-at="2022-02-14T23:33:34 IST" name="support" finished-at="2022-02-14T23:33:36 IST" duration-ms="1742" status="PASS">
          <reporter-output>
          </reporter-output>
        </test-method> <!-- support -->
        <test-method is-config="true" signature="goBackToHomepage()[pri:0, instance:Utils.AppUtils@5e0826e7]" started-at="2022-02-14T23:33:36 IST" name="goBackToHomepage" finished-at="2022-02-14T23:33:36 IST" duration-ms="243" status="PASS">
          <reporter-output>
          </reporter-output>
        </test-method> <!-- goBackToHomepage -->
        <test-method is-config="true" signature="closeApp()[pri:0, instance:Utils.AppUtils@5e0826e7]" started-at="2022-02-14T23:33:36 IST" name="closeApp" finished-at="2022-02-14T23:33:41 IST" duration-ms="4152" status="PASS">
          <reporter-output>
          </reporter-output>
        </test-method> <!-- closeApp -->
      </class> <!-- Utils.AppUtils -->
    </test> <!-- Default test -->
  </suite> <!-- Default suite -->
</testng-results>
